make all --print-data-base --no-builtin-variables --no-builtin-rules --question
# GNU Make 3.81
# Copyright (C) 2006  Free Software Foundation, Inc.
# This is free software; see the source for copying conditions.
# There is NO warranty; not even for MERCHANTABILITY or FITNESS FOR A
# PARTICULAR PURPOSE.

# This program built for i386-apple-darwin11.3.0

# Make data base, printed on Wed Aug 17 10:49:01 2022

# Variables

# environment
DATAWRAPPER_API_TOKEN = TWce1uPL9aFvXqm8BYfvUy5tXVjLtQsqtgJHgH9g6kNWVJwTSEOwkDyOcIIhstul
# automatic
<D = $(patsubst %/,%,$(dir $<))
# automatic
?F = $(notdir $?)
# environment
MM_API_PROD_USERNAME = bt-bord4
# environment
NODE_APP_INSTANCE = bt
# environment
ARTIFACTORY_NPM_SECRET = bGFzc2UubGFtYnJlY2h0c0BidC5ubzpBS0NwNVoyWUFFY0JGSzdYWm9USmdiTEtIVkJqeFRWM3FGTmpMa0M1SDM0dlBLanBrQ0ZYa05ka2Fla3JRbjNjcnVpbjJDRURE
# environment
LC_CTYPE = no_NO.UTF-8
# automatic
?D = $(patsubst %/,%,$(dir $?))
# environment
LISA_KEY_PASS = K1ll4ll5
# automatic
@D = $(patsubst %/,%,$(dir $@))
# environment
MM_TOOLS_PUB = bt
# automatic
@F = $(notdir $@)
# makefile
CURDIR := /Users/Lasse.Lambrechts@bt.no/work/analysis/cookiecutter-bord4-analysis
# makefile
SHELL = /bin/sh
# environment
VSCODE_NLS_CONFIG = {"locale":"en-gb","availableLanguages":{},"_languagePackSupport":true}
# environment
_ = /usr/bin/make
# environment
STAGE_HOSTNAME = bttux1.medianorge.no
# environment
DW_FOLDER = 56674
# environment
CAPI_KEY = gLvv6gLiJj6IIwRAylzhao6Rb
# makefile
MAKEFILE_LIST := 
# environment
STAGE_KEY_PASS = K1ll4ll5
# environment
MONO_GAC_PREFIX = /usr/local
# environment
DATABASE_URL = postgres://lassel:@localhost/local_datastore
# environment
__CFBundleIdentifier = com.microsoft.VSCode
# environment
P9K_SSH = 0
# environment
VSCODE_CWD = /
# environment
MM_API_BASE_URL = https://enrichment.api.plan3.se/proxy/content/v3/publication/bt/multimedias
# environment
PROD_KEY_LOCATION = /Users/lassel/.ssh/lasse_lambrechts.ppk
# environment
PATH = /Applications/Postgres.app/Contents/Versions/latest/bin:/Users/Lasse.Lambrechts@bt.no/.pyenv/shims:/Users/Lasse.Lambrechts@bt.no/.pyenv/shims:/usr/local/sbin:/usr/local/bin:/usr/sbin:/usr/bin:/sbin:/bin:/opt/homebrew/bin:/usr/local/bin:/usr/bin:/bin:/usr/sbin:/sbin:/Applications/Postgres.app/Contents/Versions/latest/bin
# environment
LSCOLORS = Gxfxcxdxbxegedabagacad
# environment
ANALYSE_CONNECTION = 
# environment
MM_API_PROD_PASSWORD = 348a1028-4e55-41f7-bd72-5731bb577ed9
# environment
ELECTRON_RUN_AS_NODE = 1
# environment
PYENV_ROOT = /Users/Lasse.Lambrechts@bt.no/.pyenv
# default
.FEATURES := target-specific order-only second-expansion else-if archives jobserver check-symlink
# environment
SSH_AUTH_SOCK = /var/folders/x2/vpj7nmc92018vsw0b38tz5p80000gp/T//ssh-7YmmkfHuBTl7/agent.1152
# automatic
%F = $(notdir $%)
# environment
LISA_KEY_LOCATION = /Users/lassel/.ssh/lasse_lambrechts.ppk
# environment
PWD = /Users/Lasse.Lambrechts@bt.no/work/analysis/cookiecutter-bord4-analysis
# environment
SSH_AGENT_PID = 1155
# environment
ORIGINAL_XDG_CURRENT_DESKTOP = undefined
# environment
VSCODE_AMD_ENTRYPOINT = vs/workbench/api/node/extensionHostProcess
# environment
HOME = /Users/Lasse.Lambrechts@bt.no
# environment
PROD_BASE_PATH = //home/resin/lisa/htdocs/
# environment
STAGE_KEY_LOCATION = /Users/lassel/.ssh/lasse_lambrechts.ppk
# default
MAKEFILEPATH = $(shell /usr/bin/xcode-select -print-path 2>/dev/null || echo /Developer)/Makefiles
# environment
VSCODE_CODE_CACHE_PATH = /Users/Lasse.Lambrechts@bt.no/Library/Application Support/Code/CachedData/3b889b090b5ad5793f524b5d1d39fda662b96a2a
# environment
LOGNAME = Lasse.Lambrechts@bt.no
# environment
APPLICATION_INSIGHTS_NO_DIAGNOSTIC_CHANNEL = true
# environment
ZSH = /Users/Lasse.Lambrechts@bt.no/.oh-my-zsh
# environment
VSCODE_HANDLES_UNCAUGHT_ERRORS = true
# automatic
^D = $(patsubst %/,%,$(dir $^))
# environment
XPC_FLAGS = 0x0
# default
MAKE = $(MAKE_COMMAND)
# default
MAKECMDGOALS := all
# environment
SCHITHUBTOKEN = 83fde016a892f7899eb322922f90b649ab5a1cf2
# environment
SHLVL = 1
# default
MAKE_VERSION := 3.81
# environment
USER = Lasse.Lambrechts@bt.no
# makefile
.DEFAULT_GOAL := 
# environment
LESS = -R
# automatic
%D = $(patsubst %/,%,$(dir $%))
# environment
PROD_USERNAME = resin
# default
MAKE_COMMAND := /Library/Developer/CommandLineTools/usr/bin/make
# environment
ARTIFACTORY_USER = lasse.lambrechts@bt.no
# default
.VARIABLES := 
# environment
TMPDIR = /var/folders/x2/vpj7nmc92018vsw0b38tz5p80000gp/T/
# automatic
*F = $(notdir $*)
# environment
VSCODE_IPC_HOOK = /Users/Lasse.Lambrechts@bt.no/Library/Application Support/Code/1.69.2-main.sock
# environment
PROD_BASE_URL = http://www.bt.no/spesial/
# environment
MallocNanoZone = 0
# makefile
MAKEFLAGS = Rrqp
# environment
MFLAGS = -Rrqp
# automatic
*D = $(patsubst %/,%,$(dir $*))
# environment
S3_BUCKET_PUBLIC = bt-board4
# environment
XPC_SERVICE_NAME = application.com.microsoft.VSCode.10805611.10805617
# automatic
+D = $(patsubst %/,%,$(dir $+))
# environment
STAGE_BASE_PATH = /home/resin/lisatest/htdocs/
# automatic
+F = $(notdir $+)
# environment
STAGE_BASE_URL = http://lisatest.bt.no/
# environment
__CF_USER_TEXT_ENCODING = 0x1F6:0x0:0x0
# environment
COMMAND_MODE = unix2003
# default
MAKEFILES := 
# environment
ANALYSE_URL = https://dev.bord4.bt.no/analyse/
# automatic
<F = $(notdir $<)
# environment
PROD_HOSTNAME = bttux1.medianorge.no
# environment
PAGER = less
# environment
LC_ALL = C
# environment
LISA_USERNAME = resin
# environment
BEKKALOKK_DATABASE_URL = postgres://uci5qvkojqupcq:pfj1s8uul4mciicpmdv0jcmj13l@ec2-54-75-225-192.eu-west-1.compute.amazonaws.com:5482/d9b5olno44pbqj
# environment
PROD_KEY_PASS = K1ll4ll5
# automatic
^F = $(notdir $^)
# default
SUFFIXES := 
# environment
S3_BUCKET_INTERNAL_NOTEBOOK_DATA = bt-bord4-notebooks
# environment
STAGE_USERNAME = resin
# environment
MAKELEVEL := 0
# environment
LANG = C
# environment
VSCODE_PID = 4227
# variable set hash-table stats:
# Load=98/1024=10%, Rehash=0, Collisions=2/118=2%

# Pattern-specific Variable Values

# No pattern-specific variable values.

# Directories

# . (device 16777232, inode 2234299): 10 files, no impossibilities.

# 10 files, no impossibilities in 1 directories.

# Implicit Rules

# No implicit rules.

# Files

# Not a target:
all:
#  Command-line target.
#  Implicit rule search has been done.
#  File does not exist.
#  File has not been updated.
# variable set hash-table stats:
# Load=0/32=0%, Rehash=0, Collisions=0/0=0%

# Not a target:
.SUFFIXES:
#  Implicit rule search has not been done.
#  Modification time never checked.
#  File has not been updated.

# Not a target:
Makefile:
#  A default, MAKEFILES, or -include/sinclude makefile.
#  Implicit rule search has been done.
#  File does not exist.
#  File has been updated.
#  Failed to be updated.
# variable set hash-table stats:
# Load=0/32=0%, Rehash=0, Collisions=0/0=0%

# Not a target:
makefile:
#  A default, MAKEFILES, or -include/sinclude makefile.
#  Implicit rule search has been done.
#  File does not exist.
#  File has been updated.
#  Failed to be updated.
# variable set hash-table stats:
# Load=0/32=0%, Rehash=0, Collisions=0/0=0%

# Not a target:
.DEFAULT:
#  Implicit rule search has not been done.
#  Modification time never checked.
#  File has not been updated.

# Not a target:
GNUmakefile:
#  A default, MAKEFILES, or -include/sinclude makefile.
#  Implicit rule search has been done.
#  File does not exist.
#  File has been updated.
#  Failed to be updated.
# variable set hash-table stats:
# Load=0/32=0%, Rehash=0, Collisions=0/0=0%

# files hash-table stats:
# Load=6/1024=1%, Rehash=0, Collisions=0/17=0%
# VPATH Search Paths

# No `vpath' search paths.

# No general (`VPATH' variable) search path.

# # of strings in strcache: 0
# # of strcache buffers: 0
# strcache size: total = 0 / max = 0 / min = 4096 / avg = 0
# strcache free: total = 0 / max = 0 / min = 4096 / avg = 0

# Finished Make data base on Wed Aug 17 10:49:01 2022

 
make: *** No rule to make target `all'.  Stop.

